\BOOKMARK [0][-]{dummy.2}{\376\377\000L\000i\000s\000t\000\040\000o\000f\000\040\000F\000i\000g\000u\000r\000e\000s}{}
\BOOKMARK [0][-]{dummy.4}{\376\377\000L\000i\000s\000t\000\040\000o\000f\000\040\000T\000a\000b\000l\000e\000s}{}
\BOOKMARK [0][-]{dummy.6}{\376\377\000A\000b\000b\000r\000e\000v\000i\000a\000t\000i\000o\000n\000s}{}
\BOOKMARK [0][-]{dummy.9}{\376\377\000P\000h\000y\000s\000i\000c\000a\000l\000\040\000C\000o\000n\000s\000t\000a\000n\000t\000s}{}
\BOOKMARK [0][-]{dummy.12}{\376\377\000S\000y\000m\000b\000o\000l\000s}{}
\BOOKMARK [0][-]{chapter.15}{\376\377\0001\000\040\000L\036\335\000i\000\040\000M\036\337\000\040\001\021\036\247\000u}{}
\BOOKMARK [0][-]{chapter.16}{\376\377\0002\000\040\000C\000\341\000c\000\040\000k\000h\000\341\000i\000\040\000N\000i\036\307\000m\000\040\000C\001\241\000\040\000B\036\243\000n}{}
\BOOKMARK [1][-]{section.18}{\376\377\0002\000.\0001\000\040\000T\001\260\001\241\000n\000g\000\040\000t\000\341\000c\000\040\000s\000p\000i\000n\000-\000o\000r\000b\000i\000t\000\040\000t\000r\000o\000n\000g\000\040\000t\000i\000n\000h\000\040\000t\000h\036\303\000\040\000c\000h\036\245\000t\000\040\000r\036\257\000n}{chapter.16}
\BOOKMARK [1][-]{section.21}{\376\377\0002\000.\0002\000\040\000T\001\260\001\241\000n\000g\000\040\000t\000\341\000c\000\040\000t\000r\000a\000o\000\040\001\021\036\325\000i}{chapter.16}
\BOOKMARK [1][-]{section.22}{\376\377\0002\000.\0003\000\040\000T\001\260\001\241\000n\000g\000\040\000t\000\341\000c\000\040\000h\000y\000p\000e\000r\000f\000i\000n\000e\000\040\000v\036\333\000i\000\040\000s\000p\000i\000n\000\040\000c\036\347\000a\000\040\000h\036\241\000t\000\040\000n\000h\000\342\000n}{chapter.16}
\BOOKMARK [1][-]{section.23}{\376\377\0002\000.\0004\000\040\000L\000\375\000\040\000t\000h\000u\000y\036\277\000t\000\040\000n\000h\000\363\000m\000\040\000t\000r\000o\000n\000g\000\040\000v\036\255\000t\000\040\000l\000\375}{chapter.16}
\BOOKMARK [2][-]{subsection.24}{\376\377\0002\000.\0004\000.\0001\000\040\001\020\036\313\000n\000h\000\040\000n\000g\000h\001\051\000a\000\040\000n\000h\000\363\000m}{section.23}
\BOOKMARK [2][-]{subsection.25}{\376\377\0002\000.\0004\000.\0002\000\040\000N\000h\000\363\000m\000\040\001\021\000i\036\303\000m}{section.23}
\BOOKMARK [1][-]{section.36}{\376\377\0002\000.\0005\000\040\000P\000h\000\351\000p\000\040\000q\000u\000a\000y\000\040\000t\000r\000o\000n\000g\000\040\000c\001\241\000\040\000h\036\315\000c\000\040\000l\001\260\036\343\000n\000g\000\040\000t\036\355}{chapter.16}
\BOOKMARK [1][-]{section.50}{\376\377\0002\000.\0006\000\040\000L\000\375\000\040\000t\000h\000u\000y\036\277\000t\000\040\000n\000h\000i\036\305\000u\000\040\000l\000o\036\241\000n\000\040\000g\000i\036\243\000\040\000s\000u\000y\000\040\000b\000i\036\277\000n}{chapter.16}
\BOOKMARK [1][-]{section.66}{\376\377\0002\000.\0007\000\040\000G\036\247\000n\000\040\001\021\000\372\000n\000g\000\040\000H\000a\000t\000r\000e\000e\000-\000F\000o\000c\000k}{chapter.16}
\BOOKMARK [0][-]{chapter.73}{\376\377\0003\000\040\000L\000\375\000\040\000T\000h\000u\000y\036\277\000t\000\040\000C\036\245\000u\000\040\000T\000r\000\372\000c\000\040\000V\000\371\000n\000g\000\040\000N\001\003\000n\000g\000\040\000L\001\260\036\343\000n\000g\000\040\000C\036\347\000a\000\040\001\020\000i\036\307\000n\000\040\000T\036\355\000\040\000T\000r\000o\000n\000g\000\040\000B\000\341\000n\000\040\000D\036\253\000n}{}
\BOOKMARK [1][-]{section.74}{\376\377\0003\000.\0001\000\040\001\020\036\313\000n\000h\000\040\000l\000\375\000\040\000B\000l\000o\000c\000h}{chapter.73}
\BOOKMARK [1][-]{section.91}{\376\377\0003\000.\0002\000\040\000P\000h\001\260\001\241\000n\000g\000\040\000p\000h\000\341\000p\000\040\000k\000p}{chapter.73}
\BOOKMARK [1][-]{section.115}{\376\377\0003\000.\0003\000\040\000M\000\364\000\040\000h\000\354\000n\000h\000\040\000k\000p\000\040\0002\000\040\000v\000\371\000n\000g\000,\000k\000p\000\040\0004\000\040\000v\000\371\000n\000g}{chapter.73}
\BOOKMARK [2][-]{subsection.116}{\376\377\0003\000.\0003\000.\0001\000\040\000M\000\364\000\040\000h\000\354\000n\000h\000\040\000k\000p\000\040\0002\000\040\000v\000\371\000n\000g}{section.115}
\BOOKMARK [2][-]{subsection.125}{\376\377\0003\000.\0003\000.\0002\000\040\000M\000\364\000\040\000h\000\354\000n\000h\000\040\000k\000p\000\040\0004\000\040\000v\000\371\000n\000g}{section.115}
\BOOKMARK [3][-]{subsubsection.134}{\376\377\0003\000.\0003\000.\0002\000.\0001\000\040\000P\000h\000\342\000n\000\040\000t\000\355\000c\000h\000\040\000h\000\340\000m\000\040\000s\000\363\000n\000g\000\040\000c\001\241\000\040\000s\036\337\000\040\000v\000\340\000\040\000t\000h\000\340\000n\000h\000\040\000p\000h\036\255\000n\000\040\000m\000a\000\040\000t\000r\036\255\000n\000\040\000H\000a\000m\000i\000l\000t\000o\000n\000i\000a\000n}{subsection.125}
\BOOKMARK [3][-]{subsubsection.155}{\376\377\0003\000.\0003\000.\0002\000.\0002\000\040\000T\000\363\000m\000\040\000t\036\257\000t\000\040\000k\036\277\000t\000\040\000q\000u\036\243\000\040\000m\000\364\000\040\000h\000\354\000n\000h\000\040\000k\000p\000\040\0004\000\040\000v\000\371\000n\000g\000\040\000n\000h\001\260\000\040\000s\000a\000u\000:}{subsection.125}
\BOOKMARK [0][-]{chapter.158}{\376\377\0004\000\040\000M\000\364\000\040\000H\000\354\000n\000h\000\040\000K\000a\000n\000e\000\040\000M\036\337\000\040\000R\036\331\000n\000g\000\040\000v\000\340\000\040\000L\000\375\000\040\000T\000h\000u\000y\036\277\000t\000\040\000N\000h\000i\036\305\000u\000\040\000L\000o\036\241\000n\000\040\000L\000w\000d\000i\000n}{}
\BOOKMARK [1][-]{section.165}{\376\377\0004\000.\0001\000\040\000M\000\364\000\040\000h\000\354\000n\000h\000\040\000K\000a\000n\000e\000\040\000M\036\337\000\040\000r\036\331\000n\000g}{chapter.158}
\BOOKMARK [1][-]{section.168}{\376\377\0004\000.\0002\000\040\000P\000h\000\342\000n\000\040\000t\000\355\000c\000h\000\040\000c\000\341\000c\000\040\000t\000h\000\340\000n\000h\000\040\000p\000h\036\247\000n\000\040\000H\000a\000m\000i\000l\000t\000o\000n\000i\000a\000n}{chapter.158}
\BOOKMARK [1][-]{section.172}{\376\377\0004\000.\0003\000\040\000B\000i\036\277\000n\000\040\001\021\036\325\000i\000\040\000t\036\315\000a\000\040\001\021\036\331}{chapter.158}
\BOOKMARK [1][-]{section.177}{\376\377\0004\000.\0004\000\040\000L\000\375\000\040\000t\000h\000u\000y\036\277\000t\000\040\000n\000h\000i\036\305\000u\000\040\000l\000o\036\241\000n\000\040\000g\000i\036\243\000\040\000s\000u\000y\000\040\000b\000i\036\277\000n\000\040\000L\000w\000d\000i\000n}{chapter.158}
\BOOKMARK [1][-]{section.207}{\376\377\0004\000.\0005\000\040\000T\000\355\000n\000h\000\040\000t\000o\000\341\000n\000\040\000s\036\321}{chapter.158}
\BOOKMARK [0][-]{chapter.213}{\376\377\0005\000\040\000G\000i\036\277\000n\000g\000\040\000L\001\260\036\343\000n\000g\000\040\000T\036\355}{}
\BOOKMARK [1][-]{section.222}{\376\377\0005\000.\0001\000\040\036\350\000n\000g\000\040\000d\036\345\000n\000g\000\040\000c\036\347\000a\000\040\000g\000i\036\277\000n\000g\000\040\000l\001\260\036\343\000n\000g\000\040\000t\036\355}{chapter.213}
\BOOKMARK [1][-]{section.238}{\376\377\0005\000.\0002\000\040\000D\000\362\000n\000g\000\040\000s\000p\000i\000n\000\040\000v\000\340\000\040\000d\000\362\000n\000g\000\040\001\021\000i\036\307\000n\000\040\000t\000\355\000c\000h}{chapter.213}
\BOOKMARK [0][-]{chapter.247}{\376\377\0006\000\040\000K\036\277\000t\000\040\000L\000u\036\255\000n\000-\000\040\000H\001\260\036\333\000n\000g\000\040\000P\000h\000\341\000t\000\040\000T\000r\000i\036\303\000n\000\040\001\020\036\301\000\040\000T\000\340\000i}{}
\BOOKMARK [1][-]{section.248}{\376\377\0006\000.\0001\000\040\000K\036\277\000t\000\040\000L\000u\036\255\000n}{chapter.247}
\BOOKMARK [1][-]{section.249}{\376\377\0006\000.\0002\000\040\000H\001\260\036\333\000n\000g\000\040\000p\000h\000\341\000t\000\040\000t\000r\000i\036\303\000n\000\040\001\021\036\301\000\040\000t\000\340\000i}{chapter.247}
\BOOKMARK [0][-]{appendix.250}{\376\377\000A\000\040\000L\000\375\000\040\000T\000h\000u\000y\036\277\000t\000\040\000O\000r\000b\000i\000t\000\040\000P\000h\000\342\000n\000\040\000T\036\355}{}
\BOOKMARK [1][-]{section.251}{\376\377\000A\000.\0001\000\040\000C\001\241\000\040\000s\036\337\000\040\000v\000\340\000\040\000p\000h\001\260\001\241\000n\000g\000\040\000p\000h\000\341\000p}{appendix.250}
\BOOKMARK [1][-]{section.257}{\376\377\000A\000.\0002\000\040\000T\036\325\000\040\000h\036\343\000p\000\040\000t\000u\000y\036\277\000n\000\040\000t\000\355\000n\000h\000\040\000h\000a\000i\000\040\000A\000O}{appendix.250}
\BOOKMARK [1][-]{section.274}{\376\377\000A\000.\0003\000\040\000S\036\361\000\040\000h\036\245\000p\000\040\000t\000h\036\345\000\040\000c\036\347\000a\000\040\000c\036\267\000p\000\040\001\021\000i\036\307\000n\000\040\000t\036\355\000\040\000v\000\340\000\040\000l\036\325\000\040\000t\000r\036\321\000n\000g\000\040\000t\036\361\000\040\000d\000o}{appendix.250}
\BOOKMARK [0][-]{dummy.285}{\376\377\000T\000\340\000i\000\040\000l\000i\003\043\000u\000\040\000t\000h\000a\000m\000\040\000k\000h\000a\000o}{}
